2021-03-10 23:36:36 INFO  ControllerLogger:147 - Get all clients request
2021-03-10 23:36:41 INFO  ControllerLogger:121 - Get all hot tours request
2021-03-10 23:37:29 INFO  ControllerLogger:169 - Booking tour 2 for client 1
2021-03-10 23:37:38 INFO  ControllerLogger:68 - Get all client tours request
2021-03-10 23:37:56 INFO  ControllerLogger:68 - Get all client tours request
2021-03-10 23:39:31 INFO  ControllerLogger:68 - Get all client tours request
2021-03-10 23:39:42 INFO  ControllerLogger:169 - Booking tour 1 for client 3
2021-03-10 23:39:45 INFO  ControllerLogger:68 - Get all client tours request
2021-03-10 23:40:01 INFO  ControllerLogger:169 - Booking tour 3 for client 2
2021-03-10 23:40:05 INFO  ControllerLogger:68 - Get all client tours request
2021-03-10 23:40:20 INFO  ControllerLogger:169 - Booking tour 3 for client 1
2021-03-10 23:40:24 INFO  ControllerLogger:68 - Get all client tours request
2021-03-10 23:43:36 INFO  ControllerLogger:169 - Booking tour 1 for client 3
2021-03-10 23:44:54 INFO  ControllerLogger:169 - Booking tour 6 for client 7
2021-03-10 23:45:30 INFO  ControllerLogger:68 - Get all client tours request
2021-03-10 23:46:13 INFO  ControllerLogger:68 - Get all client tours request
2021-03-10 23:46:18 INFO  ControllerLogger:169 - Booking tour 3 for client 1
2021-03-10 23:46:54 INFO  ControllerLogger:47 - Get all tours request
2021-03-10 23:47:07 INFO  ControllerLogger:147 - Get all clients request
2021-03-10 23:47:12 INFO  ControllerLogger:121 - Get all hot tours request
2021-03-10 23:47:20 INFO  ControllerLogger:121 - Get all hot tours request
2021-03-10 23:48:41 INFO  ControllerLogger:47 - Get all tours request
2021-03-10 23:48:49 INFO  ControllerLogger:121 - Get all hot tours request
2021-03-10 23:48:53 INFO  ControllerLogger:121 - Get all hot tours request
2021-03-10 23:49:16 INFO  ControllerLogger:167 - Booking tour 3 for client 1
2021-03-10 23:51:26 INFO  ControllerLogger:167 - Booking tour 3 for client 1
2021-03-10 23:51:34 INFO  ControllerLogger:68 - Get all client tours request
2021-03-10 23:51:56 INFO  ControllerLogger:121 - Get all hot tours request
2021-03-10 23:51:59 INFO  ControllerLogger:121 - Get all hot tours request
2021-03-10 23:52:55 INFO  ControllerLogger:145 - Get all clients request
2021-03-10 23:53:00 INFO  ControllerLogger:47 - Get all tours request
2021-03-10 23:53:04 INFO  ControllerLogger:68 - Get all client tours request
2021-03-10 23:56:55 INFO  ControllerLogger:167 - Booking tour 5 for client 1
2021-03-10 23:57:04 INFO  ControllerLogger:222 - Setting discount 1 for client having more than 2 orders.
2021-03-10 23:57:11 INFO  ControllerLogger:167 - Booking tour 1 for client 2
2021-06-02 13:38:12 INFO  ControllerLogger:94 - Get all clients request
2021-06-02 13:38:21 INFO  ControllerLogger:23 - Get all tours request
2021-06-02 13:38:24 INFO  ControllerLogger:44 - Get all client tours request
